# JRE version: OpenJDK Runtime Environment (8.0_112-b06) (build 1.8.0_112-release-b06)
# Java VM: OpenJDK 64-Bit Server VM (25.112-b06 mixed mode windows-amd64 compressed oops)
Heap:
 PSYoungGen      total 230400K, used 7480K [0x00000000e0000000, 0x00000000f0d00000, 0x0000000100000000)
  eden space 210944K, 2% used [0x00000000e0000000,0x00000000e0426070,0x00000000ece00000)
  from space 19456K, 16% used [0x00000000ece00000,0x00000000ed128000,0x00000000ee100000)
  to   space 18944K, 0% used [0x00000000efa80000,0x00000000efa80000,0x00000000f0d00000)
 ParOldGen       total 101888K, used 72409K [0x00000000a0000000, 0x00000000a6380000, 0x00000000e0000000)
  object space 101888K, 71% used [0x00000000a0000000,0x00000000a46b65b0,0x00000000a6380000)
 Metaspace       used 79591K, capacity 83768K, committed 83928K, reserved 1122304K
  class space    used 10189K, capacity 10901K, committed 10968K, reserved 1048576K
GC Heap History (10 events):
Event: 2720.000 GC heap before
{Heap before GC invocations=30 (full 3):
 PSYoungGen      total 174592K, used 173935K [0x00000000e0000000, 0x00000000ec980000, 0x0000000100000000)
  eden space 164352K, 100% used [0x00000000e0000000,0x00000000ea080000,0x00000000ea080000)
  from space 10240K, 93% used [0x00000000ebf80000,0x00000000ec8dbf20,0x00000000ec980000)
  to   space 20992K, 0% used [0x00000000ea080000,0x00000000ea080000,0x00000000eb500000)
 ParOldGen       total 101888K, used 69365K [0x00000000a0000000, 0x00000000a6380000, 0x00000000e0000000)
  object space 101888K, 68% used [0x00000000a0000000,0x00000000a43bd548,0x00000000a6380000)
 Metaspace       used 77620K, capacity 80986K, committed 81240K, reserved 1120256K
  class space    used 9934K, capacity 10554K, committed 10584K, reserved 1048576K
Event: 2720.018 GC heap after
Heap after GC invocations=30 (full 3):
 PSYoungGen      total 185344K, used 10158K [0x00000000e0000000, 0x00000000eda80000, 0x0000000100000000)
  eden space 164352K, 0% used [0x00000000e0000000,0x00000000e0000000,0x00000000ea080000)
  from space 20992K, 48% used [0x00000000ea080000,0x00000000eaa6ba00,0x00000000eb500000)
  to   space 20480K, 0% used [0x00000000ec680000,0x00000000ec680000,0x00000000eda80000)
 ParOldGen       total 101888K, used 69373K [0x00000000a0000000, 0x00000000a6380000, 0x00000000e0000000)
  object space 101888K, 68% used [0x00000000a0000000,0x00000000a43bf548,0x00000000a6380000)
 Metaspace       used 77620K, capacity 80986K, committed 81240K, reserved 1120256K
  class space    used 9934K, capacity 10554K, committed 10584K, reserved 1048576K
}
Event: 2720.111 GC heap before
{Heap before GC invocations=31 (full 3):
 PSYoungGen      total 185344K, used 174135K [0x00000000e0000000, 0x00000000eda80000, 0x0000000100000000)
  eden space 164352K, 99% used [0x00000000e0000000,0x00000000ea022398,0x00000000ea080000)
  from space 20992K, 48% used [0x00000000ea080000,0x00000000eaa6ba00,0x00000000eb500000)
  to   space 20480K, 0% used [0x00000000ec680000,0x00000000ec680000,0x00000000eda80000)
 ParOldGen       total 101888K, used 69373K [0x00000000a0000000, 0x00000000a6380000, 0x00000000e0000000)
  object space 101888K, 68% used [0x00000000a0000000,0x00000000a43bf548,0x00000000a6380000)
 Metaspace       used 77639K, capacity 80986K, committed 81240K, reserved 1120256K
  class space    used 9934K, capacity 10554K, committed 10584K, reserved 1048576K
Event: 2720.120 GC heap after
Heap after GC invocations=31 (full 3):
 PSYoungGen      total 204288K, used 7287K [0x00000000e0000000, 0x00000000ee500000, 0x0000000100000000)
  eden space 183808K, 0% used [0x00000000e0000000,0x00000000e0000000,0x00000000eb380000)
  from space 20480K, 35% used [0x00000000ec680000,0x00000000ecd9de30,0x00000000eda80000)
  to   space 19456K, 0% used [0x00000000eb380000,0x00000000eb380000,0x00000000ec680000)
 ParOldGen       total 101888K, used 69381K [0x00000000a0000000, 0x00000000a6380000, 0x00000000e0000000)
  object space 101888K, 68% used [0x00000000a0000000,0x00000000a43c1548,0x00000000a6380000)
 Metaspace       used 77639K, capacity 80986K, committed 81240K, reserved 1120256K
  class space    used 9934K, capacity 10554K, committed 10584K, reserved 1048576K
}
Event: 3555.407 GC heap before
{Heap before GC invocations=32 (full 3):
 PSYoungGen      total 204288K, used 191095K [0x00000000e0000000, 0x00000000ee500000, 0x0000000100000000)
  eden space 183808K, 100% used [0x00000000e0000000,0x00000000eb380000,0x00000000eb380000)
  from space 20480K, 35% used [0x00000000ec680000,0x00000000ecd9de30,0x00000000eda80000)
  to   space 19456K, 0% used [0x00000000eb380000,0x00000000eb380000,0x00000000ec680000)
 ParOldGen       total 101888K, used 69381K [0x00000000a0000000, 0x00000000a6380000, 0x00000000e0000000)
  object space 101888K, 68% used [0x00000000a0000000,0x00000000a43c1548,0x00000000a6380000)
 Metaspace       used 77892K, capacity 81340K, committed 81496K, reserved 1120256K
  class space    used 9965K, capacity 10573K, committed 10584K, reserved 1048576K
Event: 3555.414 GC heap after
Heap after GC invocations=32 (full 3):
 PSYoungGen      total 203264K, used 2375K [0x00000000e0000000, 0x00000000ef800000, 0x0000000100000000)
  eden space 183808K, 0% used [0x00000000e0000000,0x00000000e0000000,0x00000000eb380000)
  from space 19456K, 12% used [0x00000000eb380000,0x00000000eb5d1fd8,0x00000000ec680000)
  to   space 19456K, 0% used [0x00000000ee500000,0x00000000ee500000,0x00000000ef800000)
 ParOldGen       total 101888K, used 71809K [0x00000000a0000000, 0x00000000a6380000, 0x00000000e0000000)
  object space 101888K, 70% used [0x00000000a0000000,0x00000000a46205b0,0x00000000a6380000)
 Metaspace       used 77892K, capacity 81340K, committed 81496K, reserved 1120256K
  class space    used 9965K, capacity 10573K, committed 10584K, reserved 1048576K
}
Event: 4793.869 GC heap before
{Heap before GC invocations=33 (full 3):
 PSYoungGen      total 203264K, used 186183K [0x00000000e0000000, 0x00000000ef800000, 0x0000000100000000)
  eden space 183808K, 100% used [0x00000000e0000000,0x00000000eb380000,0x00000000eb380000)
  from space 19456K, 12% used [0x00000000eb380000,0x00000000eb5d1fd8,0x00000000ec680000)
  to   space 19456K, 0% used [0x00000000ee500000,0x00000000ee500000,0x00000000ef800000)
 ParOldGen       total 101888K, used 71809K [0x00000000a0000000, 0x00000000a6380000, 0x00000000e0000000)
  object space 101888K, 70% used [0x00000000a0000000,0x00000000a46205b0,0x00000000a6380000)
 Metaspace       used 78502K, capacity 82338K, committed 82520K, reserved 1120256K
  class space    used 10040K, capacity 10720K, committed 10840K, reserved 1048576K
Event: 4793.878 GC heap after
Heap after GC invocations=33 (full 3):
 PSYoungGen      total 226304K, used 2767K [0x00000000e0000000, 0x00000000ef400000, 0x0000000100000000)
  eden space 210944K, 0% used [0x00000000e0000000,0x00000000e0000000,0x00000000ece00000)
  from space 15360K, 18% used [0x00000000ee500000,0x00000000ee7b3c58,0x00000000ef400000)
  to   space 19456K, 0% used [0x00000000ece00000,0x00000000ece00000,0x00000000ee100000)
 ParOldGen       total 101888K, used 72201K [0x00000000a0000000, 0x00000000a6380000, 0x00000000e0000000)
  object space 101888K, 70% used [0x00000000a0000000,0x00000000a46825b0,0x00000000a6380000)
 Metaspace       used 78502K, capacity 82338K, committed 82520K, reserved 1120256K
  class space    used 10040K, capacity 10720K, committed 10840K, reserved 1048576K
}
Event: 6445.303 GC heap before
{Heap before GC invocations=34 (full 3):
 PSYoungGen      total 226304K, used 213711K [0x00000000e0000000, 0x00000000ef400000, 0x0000000100000000)
  eden space 210944K, 100% used [0x00000000e0000000,0x00000000ece00000,0x00000000ece00000)
  from space 15360K, 18% used [0x00000000ee500000,0x00000000ee7b3c58,0x00000000ef400000)
  to   space 19456K, 0% used [0x00000000ece00000,0x00000000ece00000,0x00000000ee100000)
 ParOldGen       total 101888K, used 72201K [0x00000000a0000000, 0x00000000a6380000, 0x00000000e0000000)
  object space 101888K, 70% used [0x00000000a0000000,0x00000000a46825b0,0x00000000a6380000)
 Metaspace       used 79556K, capacity 83680K, committed 83928K, reserved 1122304K
  class space    used 10182K, capacity 10893K, committed 10968K, reserved 1048576K
Event: 6445.326 GC heap after
Heap after GC invocations=34 (full 3):
 PSYoungGen      total 230400K, used 3232K [0x00000000e0000000, 0x00000000f0d00000, 0x0000000100000000)
  eden space 210944K, 0% used [0x00000000e0000000,0x00000000e0000000,0x00000000ece00000)
  from space 19456K, 16% used [0x00000000ece00000,0x00000000ed128000,0x00000000ee100000)
  to   space 18944K, 0% used [0x00000000efa80000,0x00000000efa80000,0x00000000f0d00000)
 ParOldGen       total 101888K, used 72409K [0x00000000a0000000, 0x00000000a6380000, 0x00000000e0000000)
  object space 101888K, 71% used [0x00000000a0000000,0x00000000a46b65b0,0x00000000a6380000)
 Metaspace       used 79556K, capacity 83680K, committed 83928K, reserved 1122304K
  class space    used 10182K, capacity 10893K, committed 10968K, reserved 1048576K
}

